<?xml version="1.0" encoding="UTF-8"?>
<!-- Generated by org.testng.reporters.JUnitXMLReporter -->
<testsuite hostname="DESKTOP-QRB56CU" name="Test" tests="2" failures="0" timestamp="27 Aug 2023 21:44:32 GMT" time="0.303" errors="0">
  <testcase name="@BeforeMethod beforeMethod" time="0.0" classname="testScripts.TC002AddNewCustomerTest">
    <failure type="org.testng.TestNGException" message="
Parameter &amp;apos;browser&amp;apos; is required by @Configuration on method beforeMethod but has not been marked @Optional or defined
in C:\Users\jawad\eclipse-workspace\page_object_model\regression.xml">
      <![CDATA[org.testng.TestNGException: 
Parameter 'browser' is required by @Configuration on method beforeMethod but has not been marked @Optional or defined
in C:\Users\jawad\eclipse-workspace\page_object_model\regression.xml
	at java.util.concurrent.ThreadPoolExecutor.runWorker(ThreadPoolExecutor.java:1149)
	at java.util.concurrent.ThreadPoolExecutor$Worker.run(ThreadPoolExecutor.java:624)
	at java.lang.Thread.run(Thread.java:750)
... Removed 9 stack frames]]>
    </failure>
  </testcase> <!-- @BeforeMethod beforeMethod -->
  <testcase name="@AfterMethod afterMethod" time="0.0" classname="testScripts.TC002AddNewCustomerTest">
    <skipped/>
  </testcase> <!-- @AfterMethod afterMethod -->
  <testcase name="@BeforeMethod beforeMethod" time="0.0" classname="testScripts.TC001_LoginPageTest">
    <skipped/>
  </testcase> <!-- @BeforeMethod beforeMethod -->
  <testcase name="@AfterMethod afterMethod" time="0.0" classname="testScripts.TC001_LoginPageTest">
    <skipped/>
  </testcase> <!-- @AfterMethod afterMethod -->
  <testcase name="addNewCustomerPage" time="0.0" classname="testScripts.TC002AddNewCustomerTest">
    <skipped/>
  </testcase> <!-- addNewCustomerPage -->
  <testcase name="login_With_validID_validPassword" time="0.0" classname="testScripts.TC001_LoginPageTest">
    <skipped/>
  </testcase> <!-- login_With_validID_validPassword -->
</testsuite> <!-- Test -->
